#
# There is insufficient memory for the Java Runtime Environment to continue.
# Native memory allocation (malloc) failed to allocate 1048576 bytes for AllocateHeap
# Possible reasons:
#   The system is out of physical RAM or swap space
#   In 32 bit mode, the process size limit was hit
# Possible solutions:
#   Reduce memory load on the system
#   Increase physical memory or swap space
#   Check if swap backing store is full
#   Use 64 bit Java on a 64 bit OS
#   Decrease Java heap size (-Xmx/-Xms)
#   Decrease number of Java threads
#   Decrease Java thread stack sizes (-Xss)
#   Set larger code cache with -XX:ReservedCodeCacheSize=
# This output file may be truncated or incomplete.
#
#  Out of Memory Error (memory/allocation.inline.hpp:61), pid=13976, tid=0x0000000000004130
#
# JRE version:  (8.0_152-b02) (build )
# Java VM: OpenJDK 64-Bit Server VM (25.152-b02 mixed mode windows-amd64 compressed oops)
# Failed to write core dump. Minidumps are not enabled by default on client versions of Windows
#

---------------  T H R E A D  ---------------

Current thread (0x000000000243d800):  JavaThread "Unknown thread" [_thread_in_vm, id=16688, stack(0x0000000002270000,0x0000000002370000)]

Stack: [0x0000000002270000,0x0000000002370000]
[error occurred during error reporting (printing stack bounds), id 0xc0000005]

Native frames: (J=compiled Java code, j=interpreted, Vv=VM code, C=native code)


---------------  P R O C E S S  ---------------

Java Threads: ( => current thread )

Other Threads:

=>0x000000000243d800 (exited) JavaThread "Unknown thread" [_thread_in_vm, id=16688, stack(0x0000000002270000,0x0000000002370000)]

VM state:not at safepoint (normal execution)

VM Mutex/Monitor currently owned by a thread: None

Heap:
 PSYoungGen      total 38400K, used 665K [0x00000000d5f00000, 0x00000000d8980000, 0x0000000100000000)
  eden space 33280K, 2% used [0x00000000d5f00000,0x00000000d5fa6670,0x00000000d7f80000)
  from space 5120K, 0% used [0x00000000d8480000,0x00000000d8480000,0x00000000d8980000)
  to   space 5120K, 0% used [0x00000000d7f80000,0x00000000d7f80000,0x00000000d8480000)
 ParOldGen       total 87552K, used 0K [0x0000000081c00000, 0x0000000087180000, 0x00000000d5f00000)
  object space 87552K, 0% used [0x0000000081c00000,0x0000000081c00000,0x0000000087180000)
 Metaspace       used 772K, capacity 4480K, committed 4480K, reserved 1056768K
  class space    used 73K, capacity 384K, committed 384K, reserved 1048576K

Card table byte_map: [0x0000000011c70000,0x0000000012070000] byte_map_base: 0x0000000011862000

Marking Bits: (ParMarkBitMap*) 0x000000005b834970
 Begin Bits: [0x0000000012720000, 0x00000000146b0000)
 End Bits:   [0x00000000146b0000, 0x0000000016640000)

Polling page: 0x00000000005a0000

CodeCache: size=245760Kb used=328Kb max_used=328Kb free=245431Kb
 bounds [0x00000000028b0000, 0x0000000002b20000, 0x00000000118b0000]
 total_blobs=57 nmethods=0 adapters=38
 compilation: enabled

Compilation events (0 events):
No events

GC Heap History (0 events):
No events

Deoptimization events (0 events):
No events

Classes redefined (0 events):
No events

Internal exceptions (0 events):
No events

Events (10 events):
Event: 0.028 loading class java/lang/Short
Event: 0.028 loading class java/lang/Short done
Event: 0.028 loading class java/lang/Integer
Event: 0.028 loading class java/lang/Integer done
Event: 0.028 loading class java/lang/Long
Event: 0.028 loading class java/lang/Long done
Event: 0.028 loading class java/lang/NullPointerException
Event: 0.028 loading class java/lang/NullPointerException done
Event: 0.028 loading class java/lang/ArithmeticException
Event: 0.028 loading class java/lang/ArithmeticException done


Dynamic libraries:
0x00007ff768d40000 - 0x00007ff768d71000 	E:\Android Stdio\jre\jre\bin\java.exe
0x00007ffd15b50000 - 0x00007ffd15d31000 	C:\WINDOWS\SYSTEM32\ntdll.dll
0x00007ffd13170000 - 0x00007ffd13222000 	C:\WINDOWS\System32\KERNEL32.DLL
0x00007ffd12d60000 - 0x00007ffd12fd3000 	C:\WINDOWS\System32\KERNELBASE.dll
0x00007ffd13230000 - 0x00007ffd132d1000 	C:\WINDOWS\System32\ADVAPI32.dll
0x00007ffd13600000 - 0x00007ffd1369e000 	C:\WINDOWS\System32\msvcrt.dll
0x00007ffd15610000 - 0x00007ffd1566b000 	C:\WINDOWS\System32\sechost.dll
0x00007ffd13880000 - 0x00007ffd139a4000 	C:\WINDOWS\System32\RPCRT4.dll
0x00007ffd12fe0000 - 0x00007ffd13170000 	C:\WINDOWS\System32\USER32.dll
0x00007ffd12b40000 - 0x00007ffd12b60000 	C:\WINDOWS\System32\win32u.dll
0x00007ffd13a20000 - 0x00007ffd13a48000 	C:\WINDOWS\System32\GDI32.dll
0x00007ffd12110000 - 0x00007ffd122a2000 	C:\WINDOWS\System32\gdi32full.dll
0x00007ffd12a20000 - 0x00007ffd12abf000 	C:\WINDOWS\System32\msvcp_win.dll
0x00007ffd12c60000 - 0x00007ffd12d5a000 	C:\WINDOWS\System32\ucrtbase.dll
0x00007ffd04530000 - 0x00007ffd04799000 	C:\WINDOWS\WinSxS\amd64_microsoft.windows.common-controls_6595b64144ccf1df_6.0.17134.48_none_b4b2216a3cb4dd3e\COMCTL32.dll
0x00007ffd14f60000 - 0x00007ffd15283000 	C:\WINDOWS\System32\combase.dll
0x00007ffd12ac0000 - 0x00007ffd12b3a000 	C:\WINDOWS\System32\bcryptPrimitives.dll
0x00007ffd13700000 - 0x00007ffd1372d000 	C:\WINDOWS\System32\IMM32.DLL
0x000000005af90000 - 0x000000005b062000 	E:\Android Stdio\jre\jre\bin\msvcr100.dll
0x000000005b070000 - 0x000000005b8af000 	E:\Android Stdio\jre\jre\bin\server\jvm.dll
0x00007ffd15290000 - 0x00007ffd15298000 	C:\WINDOWS\System32\PSAPI.DLL
0x00007ffd09cf0000 - 0x00007ffd09cfa000 	C:\WINDOWS\SYSTEM32\VERSION.dll
0x00007ffd06440000 - 0x00007ffd06463000 	C:\WINDOWS\SYSTEM32\WINMM.dll
0x00007ffd00d70000 - 0x00007ffd00d79000 	C:\WINDOWS\SYSTEM32\WSOCK32.dll
0x0000000000530000 - 0x000000000059c000 	C:\WINDOWS\System32\ws2_32.DLL
0x00007ffd06400000 - 0x00007ffd0642a000 	C:\WINDOWS\SYSTEM32\WINMMBASE.dll
0x00007ffd12b60000 - 0x00007ffd12ba9000 	C:\WINDOWS\System32\cfgmgr32.dll
0x00007ffd0e3d0000 - 0x00007ffd0e3df000 	E:\Android Stdio\jre\jre\bin\verify.dll
0x00007ffd0d060000 - 0x00007ffd0d089000 	E:\Android Stdio\jre\jre\bin\java.dll
0x00007ffd0c770000 - 0x00007ffd0c786000 	E:\Android Stdio\jre\jre\bin\zip.dll

VM Arguments:
java_command: org.jetbrains.git4idea.http.GitAskPassApp Username for 'https://github.com': 
java_class_path (initial): E:/Android Stdio/plugins/git4idea/lib/git4idea-rt.jar;E:/Android Stdio/lib/xmlrpc-2.0.jar;E:/Android Stdio/lib/commons-codec-1.9.jar;E:/Android Stdio/lib/util.jar
Launcher Type: SUN_STANDARD

Environment Variables:
JAVA_HOME=E:\jdk
CLASSPATH=.;E:\jdk\lib
PATH=E:\Git\mingw64/libexec/git-core;E:\Git\mingw64/libexec/git-core;E:\Git\mingw64\bin;E:\Git\usr\bin;C:\Users\asus\bin;C:\ProgramData\Oracle\Java\javapath;C:\Program Files (x86)\Intel\iCLS Client\;C:\Program Files\Intel\iCLS Client\;C:\Windows\system32;C:\Windows;C:\Windows\System32\Wbem;C:\Windows\System32\WindowsPowerShell\v1.0\;C:\Program Files (x86)\NVIDIA Corporation\PhysX\Common;C:\Program Files (x86)\Intel\Intel(R) Management Engine Components\DAL;C:\Program Files\Intel\Intel(R) Management Engine Components\DAL;C:\Program Files (x86)\Intel\Intel(R) Management Engine Components\IPT;C:\Program Files\Intel\Intel(R) Management Engine Components\IPT;E:\bin;E:\Git\cmd;E:\Node\;%SystemRoot%\system32;%SystemRoot%;%SystemRoot%\System32\Wbem;%SYSTEMROOT%\System32\WindowsPowerShell\v1.0\;%SYSTEMROOT%\System32\OpenSSH\;C:\Users\asus\AppData\Local\Microsoft\WindowsApps;C:\Users\asus\AppData\Roaming\npm;;E:\quartus\modelsim_ase\win32aloem
USERNAME=Cynthia
OS=Windows_NT
PROCESSOR_IDENTIFIER=Intel64 Family 6 Model 142 Stepping 9, GenuineIntel



---------------  S Y S T E M  ---------------

OS: Windows 10.0 , 64 bit Build 17134 (10.0.17134.1)

CPU:total 4 (initial active 4) (2 cores per cpu, 2 threads per core) family 6 model 142 stepping 9, cmov, cx8, fxsr, mmx, sse, sse2, sse3, ssse3, sse4.1, sse4.2, popcnt, avx, avx2, aes, clmul, erms, 3dnowpref, lzcnt, ht, tsc, tscinvbit, bmi1, bmi2, adx

Memory: 4k page, physical 8266216k(569528k free), swap 17664228k(6136k free)

vm_info: OpenJDK 64-Bit Server VM (25.152-b02) for windows-amd64 JRE (1.8.0_152-release-1024-b02), built by "builder" with MS VC++ 10.0 (VS2010)

time: Sat May 26 16:59:24 2018
elapsed time: 0 seconds (0d 0h 0m 0s)

